{"error":"Unknown column 'CustomerStatus' in 'field list'","level":"error","message":"Customer initiation error","timestamp":"2026-02-03T13:44:41.151Z"}
{"error":"connect ETIMEDOUT","level":"error","message":"Customer initiation error","timestamp":"2026-02-03T13:49:41.782Z"}
{"level":"info","message":"Customer session initiated","timestamp":"2026-02-03T13:49:54.897Z","vcipId":"VCIP_1770126587112"}
{"agtLoginId":4,"connectionId":null,"level":"info","message":"Agent joined session","timestamp":"2026-02-03T13:52:35.992Z"}
{"agtLoginId":4,"connectionId":null,"level":"info","message":"Agent joined session","timestamp":"2026-02-03T13:53:49.321Z"}
{"level":"info","message":"Customer session initiated","timestamp":"2026-02-03T14:01:43.065Z","vcipId":"VCIP_1770127302136"}
{"error":"connect ETIMEDOUT","level":"error","message":"Customer initiation error","timestamp":"2026-02-04T05:43:30.692Z"}
{"error":"connect ETIMEDOUT","level":"error","message":"Customer initiation error","timestamp":"2026-02-04T05:43:44.519Z"}
{"level":"info","message":"Customer session initiated","timestamp":"2026-02-04T05:46:04.868Z","vcipId":"VCIP_1770183963964"}
{"level":"info","message":"Customer session initiated","timestamp":"2026-02-04T05:46:19.429Z","vcipId":"VCIP_1770183978495"}
{"level":"info","message":"Customer session initiated","timestamp":"2026-02-04T05:46:53.349Z","vcipId":"VCIP_1770184012383"}
{"level":"info","message":"Customer session initiated","timestamp":"2026-02-04T05:48:36.492Z","vcipId":"VCIP_1770184115665"}
{"level":"info","message":"Customer session initiated","timestamp":"2026-02-04T06:02:45.082Z","vcipId":"VCIP_1770184956777"}
{"level":"info","message":"Customer session initiated","timestamp":"2026-02-04T06:11:00.760Z","vcipId":"VCIP_1770185460041"}
{"level":"info","message":"Customer session initiated","timestamp":"2026-02-04T06:24:50.630Z","vcipId":"VCIP_1770186289921"}
{"level":"info","message":"Customer session initiated","timestamp":"2026-02-04T06:36:20.535Z","vcipId":"VCIP_1770186979859"}
{"agtLoginId":4,"connectionId":null,"level":"info","message":"Agent joined session","timestamp":"2026-02-04T06:47:11.467Z"}
{"level":"info","message":"Customer session initiated","timestamp":"2026-02-04T06:47:23.999Z","vcipId":"VCIP_1770187643255"}
{"level":"info","message":"Customer session initiated","timestamp":"2026-02-04T06:54:29.028Z","vcipId":"VCIP_1770188067934"}
{"level":"info","message":"Customer session initiated","timestamp":"2026-02-04T06:58:25.464Z","vcipId":"VCIP_1770188304515"}
{"level":"info","message":"Customer session initiated","timestamp":"2026-02-04T07:07:05.158Z","vcipId":"VCIP_1770188824366"}
{"level":"info","message":"Customer session initiated","timestamp":"2026-02-04T07:16:28.739Z","vcipId":"VCIP_1770189387582"}
{"level":"info","message":"Customer session initiated","timestamp":"2026-02-04T07:24:24.074Z","vcipId":"VCIP_1770189862909"}
{"agtLoginId":4,"connectionId":null,"level":"info","message":"Agent joined session","timestamp":"2026-02-04T07:26:05.947Z"}
{"level":"info","message":"Customer session initiated","timestamp":"2026-02-04T07:36:04.786Z","vcipId":"VCIP_1770190563780"}
{"level":"info","message":"Customer session initiated","timestamp":"2026-02-04T07:37:12.778Z","vcipId":"VCIP_1770190631879"}
{"level":"info","message":"Customer session initiated","timestamp":"2026-02-04T07:47:10.789Z","vcipId":"VCIP_1770191229644"}
{"level":"info","message":"Customer session initiated","timestamp":"2026-02-04T08:12:18.858Z","vcipId":"VCIP_1770192737920"}
{"level":"info","message":"Customer session initiated","timestamp":"2026-02-04T08:18:17.186Z","vcipId":"VCIP_1770193096243"}
{"level":"info","message":"Customer session initiated","timestamp":"2026-02-04T09:17:59.455Z","vcipId":"VCIP_1770196678447"}
{"level":"info","message":"Customer session initiated","timestamp":"2026-02-04T09:35:24.509Z","vcipId":"VCIP_1770197723422"}
{"level":"info","message":"Customer session initiated","timestamp":"2026-02-04T09:40:19.703Z","vcipId":"VCIP_1770198018670"}
{"agtLoginId":4,"connectionId":"c9113fb8-5d28-4c89-b276-64017b62db21","level":"info","message":"Agent joined session","timestamp":"2026-02-04T09:40:53.895Z"}
{"level":"info","message":"Customer session initiated","timestamp":"2026-02-04T09:42:59.693Z","vcipId":"VCIP_1770198178696"}
{"level":"info","message":"Customer session initiated","timestamp":"2026-02-04T09:43:31.012Z","vcipId":"VCIP_1770198209654"}
{"agtLoginId":4,"connectionId":"830bc447-7c74-4bcb-9189-905b2c99cb78","level":"info","message":"Agent joined session","timestamp":"2026-02-04T09:44:07.503Z"}
{"level":"info","message":"Customer session initiated","timestamp":"2026-02-04T09:55:33.593Z","vcipId":"VCIP_1770198932525"}
{"agtLoginId":4,"connectionId":"9f68bb7e-27bc-4677-8c65-4d1b7c7d4c04","level":"info","message":"Agent joined session","timestamp":"2026-02-04T09:57:40.704Z"}
{"level":"info","message":"Customer session initiated","timestamp":"2026-02-04T10:27:30.297Z","vcipId":"VCIP_1770200849523"}
{"agtLoginId":4,"connectionId":"2d336b1d-be53-465d-bed2-3115d8171b8f","level":"info","message":"Agent joined session","timestamp":"2026-02-04T10:28:44.744Z"}
{"level":"info","message":"Customer session initiated","timestamp":"2026-02-04T10:35:43.170Z","vcipId":"VCIP_1770201332793"}
{"agtLoginId":4,"connectionId":"d50ab833-bb1e-4118-b742-afa4d8b0f6e3","level":"info","message":"Agent joined session","timestamp":"2026-02-04T10:37:17.079Z"}
